<?xml version="1.0" encoding="UTF-8"?>
<!-- Generated by org.testng.reporters.JUnitReportReporter -->
<testsuite skipped="0" hostname="DESKTOP-AEJL1M7" name="com.testrunner.TestRunner" tests="2" failures="0" timestamp="01 Nov 2023 22:17:52 GMT" time="14.286" errors="0">
  <testcase name="feature" time="8.657" classname="com.testrunner.TestRunner"/>
  <testcase name="feature" time="5.629" classname="com.testrunner.TestRunner"/>
</testsuite> <!-- com.testrunner.TestRunner -->
